\BOOKMARK [0][-]{chapter*.1}{\376\377\000D\000\351\000d\000i\000c\000a\000c\000e}{}% 1
\BOOKMARK [0][-]{chapter*.2}{\376\377\000R\000e\000m\000e\000r\000c\000i\000e\000m\000e\000n\000t\000s}{}% 2
\BOOKMARK [0][-]{chapter*.3}{\376\377\000L\000i\000s\000t\000e\000\040\000d\000e\000s\000\040\000A\000b\000r\000\351\000v\000i\000a\000t\000i\000o\000n\000s}{}% 3
\BOOKMARK [0][-]{chapter*.7}{\376\377\000I\000n\000t\000r\000o\000d\000u\000c\000t\000i\000o\000n\000\040\000G\000\351\000n\000\351\000r\000a\000l\000e}{}% 4
\BOOKMARK [0][-]{chapter.1}{\376\377\000C\000a\000d\000r\000e\000\040\000g\000\351\000n\000\351\000r\000a\000l\000\040\000d\000u\000\040\000p\000r\000o\000j\000e\000t}{}% 5
\BOOKMARK [1][-]{section.1.1}{\376\377\000I\000n\000t\000r\000o\000d\000u\000c\000t\000i\000o\000n}{chapter.1}% 6
\BOOKMARK [1][-]{section.1.2}{\376\377\000P\000r\000\351\000s\000e\000n\000t\000a\000t\000i\000o\000n\000\040\000d\000e\000\040\000l\000'\000o\000r\000g\000a\000n\000i\000s\000m\000e\000\040\000d\000'\000a\000c\000c\000u\000e\000i\000l}{chapter.1}% 7
\BOOKMARK [1][-]{section.1.3}{\376\377\000P\000r\000\351\000s\000e\000n\000t\000a\000t\000i\000o\000n\000\040\000d\000u\000\040\000p\000r\000o\000j\000e\000t\000\040\000I\000n\000v\000i\000s\000i\000T\000h\000r\000e\000a\000t}{chapter.1}% 8
\BOOKMARK [2][-]{subsection.1.3.1}{\376\377\000C\000o\000n\000t\000e\000x\000t\000e\000\040\000g\000\351\000n\000\351\000r\000a\000l}{section.1.3}% 9
\BOOKMARK [2][-]{subsection.1.3.2}{\376\377\000D\000\351\000f\000i\000n\000i\000t\000i\000o\000n\000\040\000d\000e\000\040\000l\000a\000\040\000m\000i\000s\000s\000i\000o\000n}{section.1.3}% 10
\BOOKMARK [2][-]{subsection.1.3.3}{\376\377\000P\000r\000o\000b\000l\000\351\000m\000a\000t\000i\000q\000u\000e}{section.1.3}% 11
\BOOKMARK [2][-]{subsection.1.3.4}{\376\377\000O\000b\000j\000e\000c\000t\000i\000f\000s\000\040\000d\000u\000\040\000p\000r\000o\000j\000e\000t}{section.1.3}% 12
\BOOKMARK [2][-]{subsection.1.3.5}{\376\377\000P\000\351\000r\000i\000m\000\350\000t\000r\000e\000\040\000d\000u\000\040\000p\000r\000o\000j\000e\000t}{section.1.3}% 13
\BOOKMARK [1][-]{section.1.4}{\376\377\000\311\000t\000u\000d\000e\000\040\000e\000t\000\040\000c\000r\000i\000t\000i\000q\000u\000e\000\040\000d\000e\000\040\000l\000'\000e\000x\000i\000s\000t\000a\000n\000t}{chapter.1}% 14
\BOOKMARK [2][-]{subsection.1.4.1}{\376\377\000P\000a\000n\000o\000r\000a\000m\000a\000\040\000d\000e\000s\000\040\000s\000o\000l\000u\000t\000i\000o\000n\000s\000\040\000e\000x\000i\000s\000t\000a\000n\000t\000e\000s}{section.1.4}% 15
\BOOKMARK [3][-]{subsubsection.1.4.1.1}{\376\377\000S\000o\000n\000a\000r\000Q\000u\000b\000e}{subsection.1.4.1}% 16
\BOOKMARK [3][-]{subsubsection.1.4.1.2}{\376\377\000B\000u\000r\000p\000\040\000S\000u\000i\000t\000e\000\040\000P\000r\000o\000f\000e\000s\000s\000i\000o\000n\000a\000l}{subsection.1.4.1}% 17
\BOOKMARK [3][-]{subsubsection.1.4.1.3}{\376\377\000C\000h\000e\000c\000k\000m\000a\000r\000x}{subsection.1.4.1}% 18
\BOOKMARK [3][-]{subsubsection.1.4.1.4}{\376\377\000S\000n\000y\000k}{subsection.1.4.1}% 19
\BOOKMARK [3][-]{subsubsection.1.4.1.5}{\376\377\000O\000W\000A\000S\000P\000\040\000Z\000A\000P}{subsection.1.4.1}% 20
\BOOKMARK [2][-]{subsection.1.4.2}{\376\377\000C\000r\000i\000t\000i\000q\000u\000e\000s\000\040\000e\000t\000\040\000r\000e\000c\000o\000m\000m\000a\000n\000d\000a\000t\000i\000o\000n\000s}{section.1.4}% 21
\BOOKMARK [3][-]{subsubsection.1.4.2.1}{\376\377\000S\000y\000n\000t\000h\000\350\000s\000e\000\040\000c\000o\000m\000p\000a\000r\000a\000t\000i\000v\000e}{subsection.1.4.2}% 22
\BOOKMARK [3][-]{subsubsection.1.4.2.2}{\376\377\000C\000r\000i\000t\000i\000q\000u\000e\000\040\000d\000e\000\040\000l\000'\000e\000x\000i\000s\000t\000a\000n\000t}{subsection.1.4.2}% 23
\BOOKMARK [2][-]{subsection.1.4.3}{\376\377\000S\000o\000l\000u\000t\000i\000o\000n\000\040\000p\000r\000o\000p\000o\000s\000\351\000e}{section.1.4}% 24
\BOOKMARK [1][-]{section.1.5}{\376\377\000M\000\351\000t\000h\000o\000d\000o\000l\000o\000g\000i\000e\000\040\000d\000e\000\040\000d\000\351\000v\000e\000l\000o\000p\000p\000e\000m\000e\000n\000t}{chapter.1}% 25
\BOOKMARK [2][-]{subsection.1.5.1}{\376\377\000C\000h\000o\000i\000x\000\040\000m\000\351\000t\000h\000o\000d\000o\000l\000o\000g\000i\000q\000u\000e\000\040\000:\000\040\000S\000c\000r\000u\000m}{section.1.5}% 26
\BOOKMARK [3][-]{subsubsection.1.5.1.1}{\376\377\000\311\000t\000u\000d\000e\000\040\000c\000o\000m\000p\000a\000r\000a\000t\000i\000v\000e\000\040\000d\000e\000s\000\040\000m\000\351\000t\000h\000o\000d\000o\000l\000o\000g\000i\000e\000s}{subsection.1.5.1}% 27
\BOOKMARK [3][-]{subsubsection.1.5.1.2}{\376\377\000V\000a\000l\000e\000u\000r\000s\000\040\000f\000o\000n\000d\000a\000m\000e\000n\000t\000a\000l\000e\000s\000\040\000d\000e\000\040\000l\000'\000A\000g\000i\000l\000e}{subsection.1.5.1}% 28
\BOOKMARK [3][-]{subsubsection.1.5.1.3}{\376\377\000P\000r\000\351\000s\000e\000n\000t\000a\000t\000i\000o\000n\000\040\000d\000e\000\040\000S\000c\000r\000u\000m}{subsection.1.5.1}% 29
\BOOKMARK [3][-]{subsubsection.1.5.1.4}{\376\377\000L\000e\000s\000\040\000t\000r\000o\000i\000s\000\040\000p\000i\000l\000i\000e\000r\000s\000\040\000d\000e\000\040\000S\000c\000r\000u\000m}{subsection.1.5.1}% 30
\BOOKMARK [2][-]{subsection.1.5.2}{\376\377\000R\000\364\000l\000e\000s\000\040\000e\000t\000\040\000c\000\351\000r\000\351\000m\000o\000n\000i\000e\000s}{section.1.5}% 31
\BOOKMARK [3][-]{subsubsection.1.5.2.1}{\376\377\000A\000r\000t\000e\000f\000a\000c\000t\000s\000\040\000d\000e\000\040\000S\000c\000r\000u\000m}{subsection.1.5.2}% 32
\BOOKMARK [1][-]{section.1.6}{\376\377\000C\000o\000n\000c\000l\000u\000s\000i\000o\000n}{chapter.1}% 33
\BOOKMARK [0][-]{chapter.2}{\376\377\000S\000p\000r\000i\000n\000t\000\040\0000\000\040\040\023\000\040\000I\000n\000i\000t\000i\000a\000l\000i\000s\000a\000t\000i\000o\000n\000\040\000e\000t\000\040\000\351\000t\000u\000d\000e\000\040\000t\000e\000c\000h\000n\000i\000q\000u\000e}{}% 34
\BOOKMARK [1][-]{section.2.1}{\376\377\000I\000n\000t\000r\000o\000d\000u\000c\000t\000i\000o\000n}{chapter.2}% 35
\BOOKMARK [1][-]{section.2.2}{\376\377\000I\000d\000e\000n\000t\000i\000f\000i\000c\000a\000t\000i\000o\000n\000\040\000d\000e\000s\000\040\000a\000c\000t\000e\000u\000r\000s}{chapter.2}% 36
\BOOKMARK [1][-]{section.2.3}{\376\377\000A\000n\000a\000l\000y\000s\000e\000\040\000d\000e\000s\000\040\000b\000e\000s\000o\000i\000n\000s}{chapter.2}% 37
\BOOKMARK [2][-]{subsection.2.3.1}{\376\377\000B\000e\000s\000o\000i\000n\000s\000\040\000f\000o\000n\000c\000t\000i\000o\000n\000n\000e\000l\000s}{section.2.3}% 38
\BOOKMARK [2][-]{subsection.2.3.2}{\376\377\000B\000e\000s\000o\000i\000n\000s\000\040\000n\000o\000n\000\040\000f\000o\000n\000c\000t\000i\000o\000n\000n\000e\000l\000s}{section.2.3}% 39
\BOOKMARK [2][-]{subsection.2.3.3}{\376\377\000D\000i\000a\000g\000r\000a\000m\000m\000e\000\040\000g\000l\000o\000b\000a\000l\000\040\000d\000e\000s\000\040\000c\000a\000s\000\040\000d\000'\000u\000t\000i\000l\000i\000s\000a\000t\000i\000o\000n}{section.2.3}% 40
\BOOKMARK [1][-]{section.2.4}{\376\377\000G\000e\000s\000t\000i\000o\000n\000\040\000d\000u\000\040\000p\000r\000o\000j\000e\000t\000\040\000a\000v\000e\000c\000\040\000S\000c\000r\000u\000m}{chapter.2}% 41
\BOOKMARK [2][-]{subsection.2.4.1}{\376\377\000P\000r\000o\000d\000u\000c\000t\000\040\000B\000a\000c\000k\000l\000o\000g}{section.2.4}% 42
\BOOKMARK [3][-]{subsubsection.2.4.1.1}{\376\377\000S\000t\000r\000u\000c\000t\000u\000r\000a\000t\000i\000o\000n\000\040\000e\000n\000\040\000e\000p\000i\000c\000s}{subsection.2.4.1}% 43
\BOOKMARK [3][-]{subsubsection.2.4.1.2}{\376\377\000T\000e\000c\000h\000n\000i\000q\000u\000e\000\040\000d\000e\000\040\000p\000r\000i\000o\000r\000i\000s\000a\000t\000i\000o\000n\000\040\000d\000u\000\040\000P\000r\000o\000d\000u\000c\000t\000\040\000B\000a\000c\000k\000l\000o\000g}{subsection.2.4.1}% 44
\BOOKMARK [3][-]{subsubsection.2.4.1.3}{\376\377\000S\000y\000n\000t\000h\000\350\000s\000e\000\040\000d\000u\000\040\000P\000r\000o\000d\000u\000c\000t\000\040\000B\000a\000c\000k\000l\000o\000g}{subsection.2.4.1}% 45
\BOOKMARK [2][-]{subsection.2.4.2}{\376\377\000P\000l\000a\000n\000i\000f\000i\000c\000a\000t\000i\000o\000n\000\040\000d\000e\000s\000\040\000s\000p\000r\000i\000n\000t\000s}{section.2.4}% 46
\BOOKMARK [1][-]{section.2.5}{\376\377\000\311\000t\000u\000d\000e\000\040\000t\000e\000c\000h\000n\000i\000q\000u\000e}{chapter.2}% 47
\BOOKMARK [2][-]{subsection.2.5.1}{\376\377\000E\000n\000v\000i\000r\000o\000n\000n\000e\000m\000e\000n\000t\000\040\000m\000a\000t\000\351\000r\000i\000e\000l}{section.2.5}% 48
\BOOKMARK [2][-]{subsection.2.5.2}{\376\377\000E\000n\000v\000i\000r\000o\000n\000n\000e\000m\000e\000n\000t\000\040\000l\000o\000g\000i\000c\000i\000e\000l}{section.2.5}% 49
\BOOKMARK [2][-]{subsection.2.5.3}{\376\377\000T\000e\000c\000h\000n\000o\000l\000o\000g\000i\000e\000s\000\040\000e\000t\000\040\000o\000u\000t\000i\000l\000s\000\040\000u\000t\000i\000l\000i\000s\000\351\000s}{section.2.5}% 50
\BOOKMARK [2][-]{subsection.2.5.4}{\376\377\000A\000r\000c\000h\000i\000t\000e\000c\000t\000u\000r\000e\000\040\000d\000u\000\040\000s\000y\000s\000t\000\350\000m\000e}{section.2.5}% 51
\BOOKMARK [3][-]{subsubsection.2.5.4.1}{\376\377\000A\000r\000c\000h\000i\000t\000e\000c\000t\000u\000r\000e\000\040\000l\000o\000g\000i\000c\000i\000e\000l\000l\000e}{subsection.2.5.4}% 52
\BOOKMARK [3][-]{subsubsection.2.5.4.2}{\376\377\000A\000r\000c\000h\000i\000t\000e\000c\000t\000u\000r\000e\000\040\000p\000h\000y\000s\000i\000q\000u\000e}{subsection.2.5.4}% 53
\BOOKMARK [1][-]{section.2.6}{\376\377\000D\000i\000a\000g\000r\000a\000m\000m\000e\000\040\000d\000e\000\040\000d\000\351\000p\000l\000o\000i\000e\000m\000e\000n\000t}{chapter.2}% 54
\BOOKMARK [1][-]{section.2.7}{\376\377\000C\000o\000n\000c\000l\000u\000s\000i\000o\000n}{chapter.2}% 55
\BOOKMARK [0][-]{chapter.3}{\376\377\000S\000p\000r\000i\000n\000t\000\040\0001\000\040\040\023\000\040\000S\000\351\000c\000u\000r\000i\000t\000\351\000\040\000e\000t\000\040\000g\000o\000u\000v\000e\000r\000n\000a\000n\000c\000e}{}% 56
\BOOKMARK [1][-]{section.3.1}{\376\377\000I\000n\000t\000r\000o\000d\000u\000c\000t\000i\000o\000n}{chapter.3}% 57
\BOOKMARK [1][-]{section.3.2}{\376\377\000O\000b\000j\000e\000c\000t\000i\000f\000s\000\040\000d\000u\000\040\000s\000p\000r\000i\000n\000t\000\040\000e\000t\000\040\000p\000l\000a\000n\000i\000f\000i\000c\000a\000t\000i\000o\000n\000\040\000d\000e\000s\000\040\000t\000\342\000c\000h\000e\000s}{chapter.3}% 58
\BOOKMARK [2][-]{subsection.3.2.1}{\376\377\000O\000b\000j\000e\000c\000t\000i\000f\000s\000\040\000d\000u\000\040\000s\000p\000r\000i\000n\000t}{section.3.2}% 59
\BOOKMARK [2][-]{subsection.3.2.2}{\376\377\000S\000p\000r\000i\000n\000t\000\040\000B\000a\000c\000k\000l\000o\000g}{section.3.2}% 60
\BOOKMARK [1][-]{section.3.3}{\376\377\000T\000e\000c\000h\000n\000o\000l\000o\000g\000i\000e\000s\000\040\000e\000t\000\040\000c\000o\000n\000c\000e\000p\000t\000s\000\040\000u\000t\000i\000l\000i\000s\000\351\000s}{chapter.3}% 61
\BOOKMARK [2][-]{subsection.3.3.1}{\376\377\000J\000W\000T\000\040\000e\000t\000\040\000O\000A\000u\000t\000h\0002\000\040\000\050\000F\000a\000s\000t\000A\000P\000I\000\040\000S\000e\000c\000u\000r\000i\000t\000y\000\051}{section.3.3}% 62
\BOOKMARK [2][-]{subsection.3.3.2}{\376\377\000T\000O\000T\000P\000\040\000e\000t\000\040\000R\000B\000A\000C}{section.3.3}% 63
\BOOKMARK [1][-]{section.3.4}{\376\377\000A\000n\000a\000l\000y\000s\000e\000\040\000e\000t\000\040\000s\000p\000\351\000c\000i\000f\000i\000c\000a\000t\000i\000o\000n\000\040\000d\000e\000s\000\040\000b\000e\000s\000o\000i\000n\000s}{chapter.3}% 64
\BOOKMARK [2][-]{subsection.3.4.1}{\376\377\000D\000i\000a\000g\000r\000a\000m\000m\000e\000\040\000d\000e\000\040\000c\000a\000s\000\040\000d\000'\000u\000t\000i\000l\000i\000s\000a\000t\000i\000o\000n\000\040\000d\000u\000\040\000s\000p\000r\000i\000n\000t}{section.3.4}% 65
\BOOKMARK [2][-]{subsection.3.4.2}{\376\377\000D\000e\000s\000c\000r\000i\000p\000t\000i\000o\000n\000\040\000d\000\351\000t\000a\000i\000l\000l\000\351\000e\000\040\000d\000e\000s\000\040\000c\000a\000s\000\040\000d\000'\000u\000t\000i\000l\000i\000s\000a\000t\000i\000o\000n}{section.3.4}% 66
\BOOKMARK [1][-]{section.3.5}{\376\377\000M\000o\000d\000\351\000l\000i\000s\000a\000t\000i\000o\000n\000\040\000c\000o\000n\000c\000e\000p\000t\000u\000e\000l\000l\000e}{chapter.3}% 67
\BOOKMARK [2][-]{subsection.3.5.1}{\376\377\000D\000i\000a\000g\000r\000a\000m\000m\000e\000\040\000d\000e\000\040\000c\000l\000a\000s\000s\000e\000s}{section.3.5}% 68
\BOOKMARK [2][-]{subsection.3.5.2}{\376\377\000D\000i\000a\000g\000r\000a\000m\000m\000e\000s\000\040\000d\000e\000\040\000s\000\351\000q\000u\000e\000n\000c\000e}{section.3.5}% 69
\BOOKMARK [1][-]{section.3.6}{\376\377\000R\000\351\000a\000l\000i\000s\000a\000t\000i\000o\000n}{chapter.3}% 70
\BOOKMARK [2][-]{subsection.3.6.1}{\376\377\000A\000u\000t\000h\000e\000n\000t\000i\000f\000i\000c\000a\000t\000i\000o\000n\000\040\000J\000W\000T}{section.3.6}% 71
\BOOKMARK [2][-]{subsection.3.6.2}{\376\377\000R\000B\000A\000C\000\040\000e\000t\000\040\000g\000e\000s\000t\000i\000o\000n\000\040\000d\000e\000s\000\040\000r\000\364\000l\000e\000s}{section.3.6}% 72
\BOOKMARK [2][-]{subsection.3.6.3}{\376\377\000A\000u\000d\000i\000t\000\040\000l\000o\000g\000s\000\040\000e\000t\000\040\0002\000F\000A}{section.3.6}% 73
\BOOKMARK [1][-]{section.3.7}{\376\377\000T\000e\000s\000t\000\040\000e\000t\000\040\000v\000a\000l\000i\000d\000a\000t\000i\000o\000n}{chapter.3}% 74
\BOOKMARK [2][-]{subsection.3.7.1}{\376\377\000T\000e\000s\000t\000s\000\040\000r\000\351\000a\000l\000i\000s\000\351\000s}{section.3.7}% 75
\BOOKMARK [2][-]{subsection.3.7.2}{\376\377\000V\000a\000l\000i\000d\000a\000t\000i\000o\000n\000\040\000d\000e\000s\000\040\000f\000o\000n\000c\000t\000i\000o\000n\000n\000a\000l\000i\000t\000\351\000s}{section.3.7}% 76
\BOOKMARK [2][-]{subsection.3.7.3}{\376\377\000G\000e\000s\000t\000i\000o\000n\000\040\000d\000e\000s\000\040\000v\000e\000r\000s\000i\000o\000n\000s\000\040\000/\000\040\000c\000o\000m\000m\000i\000t\000s}{section.3.7}% 77
\BOOKMARK [1][-]{section.3.8}{\376\377\000C\000o\000n\000c\000l\000u\000s\000i\000o\000n}{chapter.3}% 78
\BOOKMARK [2][-]{subsection.3.8.1}{\376\377\000D\000i\000a\000g\000r\000a\000m\000m\000e\000\040\000I\000A\000/\000L\000L\000M}{section.3.8}% 79
\BOOKMARK [2][-]{subsection.3.8.2}{\376\377\000D\000i\000a\000g\000r\000a\000m\000m\000e\000\040\000d\000'\000a\000c\000t\000i\000v\000i\000t\000\351\000s}{section.3.8}% 80
\BOOKMARK [1][-]{section.3.9}{\376\377\000C\000o\000n\000f\000i\000g\000u\000r\000a\000t\000i\000o\000n\000\040\000d\000u\000\040\000p\000r\000o\000j\000e\000t}{chapter.3}% 81
\BOOKMARK [1][-]{section.3.10}{\376\377\000B\000o\000n\000n\000e\000s\000\040\000p\000r\000a\000t\000i\000q\000u\000e\000s}{chapter.3}% 82
\BOOKMARK [1][-]{section.3.11}{\376\377\000C\000o\000n\000c\000l\000u\000s\000i\000o\000n}{chapter.3}% 83
\BOOKMARK [0][-]{chapter.4}{\376\377\000S\000p\000r\000i\000n\000t\000\040\0002\000\040\040\023\000\040\000P\000r\000o\000j\000e\000t\000s\000\040\000e\000t\000\040\000i\000n\000t\000\351\000g\000r\000a\000t\000i\000o\000n\000s}{}% 84
\BOOKMARK [1][-]{section.4.1}{\376\377\000I\000n\000t\000r\000o\000d\000u\000c\000t\000i\000o\000n}{chapter.4}% 85
\BOOKMARK [1][-]{section.4.2}{\376\377\000O\000b\000j\000e\000c\000t\000i\000f\000s\000\040\000d\000u\000\040\000s\000p\000r\000i\000n\000t\000\040\000e\000t\000\040\000p\000l\000a\000n\000i\000f\000i\000c\000a\000t\000i\000o\000n\000\040\000d\000e\000s\000\040\000t\000\342\000c\000h\000e\000s}{chapter.4}% 86
\BOOKMARK [2][-]{subsection.4.2.1}{\376\377\000O\000b\000j\000e\000c\000t\000i\000f\000s\000\040\000d\000u\000\040\000s\000p\000r\000i\000n\000t}{section.4.2}% 87
\BOOKMARK [2][-]{subsection.4.2.2}{\376\377\000S\000p\000r\000i\000n\000t\000\040\000B\000a\000c\000k\000l\000o\000g}{section.4.2}% 88
\BOOKMARK [1][-]{section.4.3}{\376\377\000T\000e\000c\000h\000n\000o\000l\000o\000g\000i\000e\000s\000\040\000e\000t\000\040\000c\000o\000n\000c\000e\000p\000t\000s\000\040\000u\000t\000i\000l\000i\000s\000\351\000s}{chapter.4}% 89
\BOOKMARK [1][-]{section.4.4}{\376\377\000A\000n\000a\000l\000y\000s\000e\000\040\000d\000\351\000t\000a\000i\000l\000l\000\351\000e\000\040\000d\000e\000s\000\040\000b\000e\000s\000o\000i\000n\000s}{chapter.4}% 90
\BOOKMARK [2][-]{subsection.4.4.1}{\376\377\000D\000i\000a\000g\000r\000a\000m\000m\000e\000\040\000d\000e\000\040\000c\000a\000s\000\040\000d\000'\000u\000t\000i\000l\000i\000s\000a\000t\000i\000o\000n\000\040\000d\000u\000\040\000s\000p\000r\000i\000n\000t}{section.4.4}% 91
\BOOKMARK [2][-]{subsection.4.4.2}{\376\377\000D\000e\000s\000c\000r\000i\000p\000t\000i\000o\000n\000\040\000d\000\351\000t\000a\000i\000l\000l\000\351\000e\000\040\000d\000e\000s\000\040\000c\000a\000s\000\040\000d\000'\000u\000t\000i\000l\000i\000s\000a\000t\000i\000o\000n}{section.4.4}% 92
\BOOKMARK [1][-]{section.4.5}{\376\377\000M\000o\000d\000\351\000l\000i\000s\000a\000t\000i\000o\000n\000\040\000c\000o\000n\000c\000e\000p\000t\000u\000e\000l\000l\000e}{chapter.4}% 93
\BOOKMARK [2][-]{subsection.4.5.1}{\376\377\000D\000i\000a\000g\000r\000a\000m\000m\000e\000\040\000d\000e\000\040\000c\000l\000a\000s\000s\000e\000s}{section.4.5}% 94
\BOOKMARK [2][-]{subsection.4.5.2}{\376\377\000D\000i\000a\000g\000r\000a\000m\000m\000e\000s\000\040\000d\000e\000\040\000s\000\351\000q\000u\000e\000n\000c\000e}{section.4.5}% 95
\BOOKMARK [1][-]{section.4.6}{\376\377\000R\000\351\000a\000l\000i\000s\000a\000t\000i\000o\000n}{chapter.4}% 96
\BOOKMARK [2][-]{subsection.4.6.1}{\376\377\000G\000e\000s\000t\000i\000o\000n\000\040\000d\000e\000s\000\040\000p\000r\000o\000j\000e\000t\000s\000\040\000e\000t\000\040\000d\000e\000s\000\040\000d\000\351\000p\000\364\000t\000s}{section.4.6}% 97
\BOOKMARK [2][-]{subsection.4.6.2}{\376\377\000I\000n\000t\000\351\000g\000r\000a\000t\000i\000o\000n\000s\000\040\000O\000A\000u\000t\000h\000\040\000e\000t\000\040\000c\000l\000\351\000s\000\040\000A\000P\000I}{section.4.6}% 98
\BOOKMARK [1][-]{section.4.7}{\376\377\000T\000e\000s\000t\000\040\000e\000t\000\040\000v\000a\000l\000i\000d\000a\000t\000i\000o\000n}{chapter.4}% 99
\BOOKMARK [2][-]{subsection.4.7.1}{\376\377\000T\000e\000s\000t\000s\000\040\000r\000\351\000a\000l\000i\000s\000\351\000s}{section.4.7}% 100
\BOOKMARK [2][-]{subsection.4.7.2}{\376\377\000V\000a\000l\000i\000d\000a\000t\000i\000o\000n}{section.4.7}% 101
\BOOKMARK [1][-]{section.4.8}{\376\377\000C\000o\000n\000c\000l\000u\000s\000i\000o\000n}{chapter.4}% 102
\BOOKMARK [0][-]{chapter.5}{\376\377\000S\000p\000r\000i\000n\000t\000\040\0003\000\040\040\023\000\040\000S\000A\000S\000T\000\040\000e\000t\000\040\000S\000C\000A}{}% 103
\BOOKMARK [1][-]{section.5.1}{\376\377\000I\000n\000t\000r\000o\000d\000u\000c\000t\000i\000o\000n}{chapter.5}% 104
\BOOKMARK [1][-]{section.5.2}{\376\377\000O\000b\000j\000e\000c\000t\000i\000f\000s\000\040\000d\000u\000\040\000s\000p\000r\000i\000n\000t\000\040\000e\000t\000\040\000p\000l\000a\000n\000i\000f\000i\000c\000a\000t\000i\000o\000n\000\040\000d\000e\000s\000\040\000t\000\342\000c\000h\000e\000s}{chapter.5}% 105
\BOOKMARK [2][-]{subsection.5.2.1}{\376\377\000O\000b\000j\000e\000c\000t\000i\000f\000s\000\040\000d\000u\000\040\000s\000p\000r\000i\000n\000t}{section.5.2}% 106
\BOOKMARK [2][-]{subsection.5.2.2}{\376\377\000S\000p\000r\000i\000n\000t\000\040\000B\000a\000c\000k\000l\000o\000g}{section.5.2}% 107
\BOOKMARK [1][-]{section.5.3}{\376\377\000A\000n\000a\000l\000y\000s\000e\000\040\000d\000\351\000t\000a\000i\000l\000l\000\351\000e\000\040\000d\000e\000s\000\040\000b\000e\000s\000o\000i\000n\000s}{chapter.5}% 108
\BOOKMARK [2][-]{subsection.5.3.1}{\376\377\000D\000i\000a\000g\000r\000a\000m\000m\000e\000\040\000d\000e\000\040\000c\000a\000s\000\040\000d\000'\000u\000t\000i\000l\000i\000s\000a\000t\000i\000o\000n\000\040\000d\000u\000\040\000s\000p\000r\000i\000n\000t}{section.5.3}% 109
\BOOKMARK [2][-]{subsection.5.3.2}{\376\377\000D\000e\000s\000c\000r\000i\000p\000t\000i\000o\000n\000\040\000t\000e\000x\000t\000u\000e\000l\000l\000e\000\040\000d\000e\000s\000\040\000c\000a\000s\000\040\000d\000'\000u\000t\000i\000l\000i\000s\000a\000t\000i\000o\000n}{section.5.3}% 110
\BOOKMARK [1][-]{section.5.4}{\376\377\000M\000o\000d\000\351\000l\000i\000s\000a\000t\000i\000o\000n\000\040\000c\000o\000n\000c\000e\000p\000t\000u\000e\000l\000l\000e}{chapter.5}% 111
\BOOKMARK [2][-]{subsection.5.4.1}{\376\377\000D\000i\000a\000g\000r\000a\000m\000m\000e\000\040\000d\000e\000\040\000c\000l\000a\000s\000s\000e\000s}{section.5.4}% 112
\BOOKMARK [2][-]{subsection.5.4.2}{\376\377\000D\000i\000a\000g\000r\000a\000m\000m\000e\000s\000\040\000d\000e\000\040\000s\000\351\000q\000u\000e\000n\000c\000e}{section.5.4}% 113
\BOOKMARK [1][-]{section.5.5}{\376\377\000R\000\351\000a\000l\000i\000s\000a\000t\000i\000o\000n}{chapter.5}% 114
\BOOKMARK [2][-]{subsection.5.5.1}{\376\377\000I\000n\000t\000\351\000g\000r\000a\000t\000i\000o\000n\000\040\000S\000A\000S\000T\000\040\000\050\000S\000e\000m\000g\000r\000e\000p\000,\000\040\000B\000a\000n\000d\000i\000t\000\051}{section.5.5}% 115
\BOOKMARK [2][-]{subsection.5.5.2}{\376\377\000I\000n\000t\000\351\000g\000r\000a\000t\000i\000o\000n\000\040\000S\000C\000A\000\040\000\050\000O\000S\000V\000\051}{section.5.5}% 116
\BOOKMARK [1][-]{section.5.6}{\376\377\000T\000e\000s\000t\000\040\000e\000t\000\040\000v\000a\000l\000i\000d\000a\000t\000i\000o\000n}{chapter.5}% 117
\BOOKMARK [2][-]{subsection.5.6.1}{\376\377\000T\000e\000s\000t\000s\000\040\000r\000\351\000a\000l\000i\000s\000\351\000s}{section.5.6}% 118
\BOOKMARK [2][-]{subsection.5.6.2}{\376\377\000V\000a\000l\000i\000d\000a\000t\000i\000o\000n}{section.5.6}% 119
\BOOKMARK [1][-]{section.5.7}{\376\377\000C\000o\000n\000c\000l\000u\000s\000i\000o\000n}{chapter.5}% 120
\BOOKMARK [0][-]{chapter.6}{\376\377\000S\000p\000r\000i\000n\000t\000\040\0004\000\040\040\023\000\040\000D\000A\000S\000T\000,\000\040\000o\000r\000c\000h\000e\000s\000t\000r\000a\000t\000i\000o\000n\000\040\000e\000t\000\040\000I\000A}{}% 121
\BOOKMARK [1][-]{section.6.1}{\376\377\000I\000n\000t\000r\000o\000d\000u\000c\000t\000i\000o\000n}{chapter.6}% 122
\BOOKMARK [1][-]{section.6.2}{\376\377\000O\000b\000j\000e\000c\000t\000i\000f\000s\000\040\000d\000u\000\040\000s\000p\000r\000i\000n\000t\000\040\000e\000t\000\040\000p\000l\000a\000n\000i\000f\000i\000c\000a\000t\000i\000o\000n\000\040\000d\000e\000s\000\040\000t\000\342\000c\000h\000e\000s}{chapter.6}% 123
\BOOKMARK [2][-]{subsection.6.2.1}{\376\377\000O\000b\000j\000e\000c\000t\000i\000f\000s\000\040\000d\000u\000\040\000s\000p\000r\000i\000n\000t}{section.6.2}% 124
\BOOKMARK [2][-]{subsection.6.2.2}{\376\377\000S\000p\000r\000i\000n\000t\000\040\000B\000a\000c\000k\000l\000o\000g}{section.6.2}% 125
\BOOKMARK [1][-]{section.6.3}{\376\377\000A\000n\000a\000l\000y\000s\000e\000\040\000d\000\351\000t\000a\000i\000l\000l\000\351\000e\000\040\000d\000e\000s\000\040\000b\000e\000s\000o\000i\000n\000s}{chapter.6}% 126
\BOOKMARK [2][-]{subsection.6.3.1}{\376\377\000D\000i\000a\000g\000r\000a\000m\000m\000e\000\040\000d\000e\000\040\000c\000a\000s\000\040\000d\000'\000u\000t\000i\000l\000i\000s\000a\000t\000i\000o\000n\000\040\000d\000u\000\040\000s\000p\000r\000i\000n\000t}{section.6.3}% 127
\BOOKMARK [2][-]{subsection.6.3.2}{\376\377\000D\000e\000s\000c\000r\000i\000p\000t\000i\000o\000n\000\040\000t\000e\000x\000t\000u\000e\000l\000l\000e\000\040\000d\000e\000s\000\040\000c\000a\000s\000\040\000d\000'\000u\000t\000i\000l\000i\000s\000a\000t\000i\000o\000n}{section.6.3}% 128
\BOOKMARK [1][-]{section.6.4}{\376\377\000M\000o\000d\000\351\000l\000i\000s\000a\000t\000i\000o\000n\000\040\000c\000o\000n\000c\000e\000p\000t\000u\000e\000l\000l\000e}{chapter.6}% 129
\BOOKMARK [2][-]{subsection.6.4.1}{\376\377\000D\000i\000a\000g\000r\000a\000m\000m\000e\000\040\000d\000e\000\040\000c\000l\000a\000s\000s\000e\000s}{section.6.4}% 130
\BOOKMARK [2][-]{subsection.6.4.2}{\376\377\000D\000i\000a\000g\000r\000a\000m\000m\000e\000s\000\040\000d\000e\000\040\000s\000\351\000q\000u\000e\000n\000c\000e}{section.6.4}% 131
\BOOKMARK [1][-]{section.6.5}{\376\377\000R\000\351\000a\000l\000i\000s\000a\000t\000i\000o\000n}{chapter.6}% 132
\BOOKMARK [2][-]{subsection.6.5.1}{\376\377\000I\000n\000t\000\351\000g\000r\000a\000t\000i\000o\000n\000\040\000D\000A\000S\000T\000\040\000\050\000O\000W\000A\000S\000P\000\040\000Z\000A\000P\000\051}{section.6.5}% 133
\BOOKMARK [2][-]{subsection.6.5.2}{\376\377\000O\000r\000c\000h\000e\000s\000t\000r\000a\000t\000i\000o\000n\000\040\000e\000t\000\040\000w\000o\000r\000k\000f\000l\000o\000w}{section.6.5}% 134
\BOOKMARK [1][-]{section.6.6}{\376\377\000T\000e\000s\000t\000\040\000e\000t\000\040\000v\000a\000l\000i\000d\000a\000t\000i\000o\000n}{chapter.6}% 135
\BOOKMARK [2][-]{subsection.6.6.1}{\376\377\000T\000e\000s\000t\000s\000\040\000r\000\351\000a\000l\000i\000s\000\351\000s}{section.6.6}% 136
\BOOKMARK [2][-]{subsection.6.6.2}{\376\377\000V\000a\000l\000i\000d\000a\000t\000i\000o\000n}{section.6.6}% 137
\BOOKMARK [1][-]{section.6.7}{\376\377\000C\000o\000n\000c\000l\000u\000s\000i\000o\000n}{chapter.6}% 138
\BOOKMARK [0][-]{chapter*.48}{\376\377\000C\000O\000N\000C\000L\000U\000S\000I\000O\000N\000\040\000G\000\311\000N\000\311\000R\000A\000L\000E}{}% 139
\BOOKMARK [0][-]{section*.49}{\376\377\000B\000I\000B\000L\000I\000O\000G\000R\000A\000P\000H\000I\000E}{}% 140
